[2025-07-19T05:00:09.520Z] [getActiveSessionDetails]
Error: Cookies can only be modified in a Server Action or Route Handler. Read more: https://nextjs.org/docs/app/api-reference/functions/cookies#options
    at Proxy.callable (/home/user/studio/node_modules/next/dist/compiled/next-server/app-page-turbo.runtime.dev.js:414:17681)
    at Promise.set (/home/user/studio/.next/server/chunks/ssr/node_modules_next_58040003._.js:3243:46)
    at getActiveSessionDetails (/home/user/studio/.next/server/chunks/ssr/[root-of-the-server]__f82da021._.js:655:21)
    at process.processTicksAndRejections (node:internal/process/task_queues:95:5)
    at async validateCurrentSession (/home/user/studio/.next/server/chunks/ssr/[root-of-the-server]__f82da021._.js:669:21)
    at async DashboardLayout (/home/user/studio/.next/server/chunks/ssr/[root-of-the-server]__6fc67b0b._.js:1064:5)

[2025-07-19T05:00:10.273Z] [getActiveSessionDetails]
Error: Cookies can only be modified in a Server Action or Route Handler. Read more: https://nextjs.org/docs/app/api-reference/functions/cookies#options
    at Proxy.callable (/home/user/studio/node_modules/next/dist/compiled/next-server/app-page-turbo.runtime.dev.js:414:17681)
    at Promise.set (/home/user/studio/.next/server/chunks/ssr/node_modules_next_58040003._.js:3243:46)
    at getActiveSessionDetails (/home/user/studio/.next/server/chunks/ssr/[root-of-the-server]__f82da021._.js:655:21)
    at process.processTicksAndRejections (node:internal/process/task_queues:95:5)
    at async validateCurrentSession (/home/user/studio/.next/server/chunks/ssr/[root-of-the-server]__f82da021._.js:669:21)
    at async DashboardLayout (/home/user/studio/.next/server/chunks/ssr/[root-of-the-server]__6fc67b0b._.js:1064:5)

[2025-07-19T05:01:39.148Z] [getActiveSessionDetails]
Error: Cookies can only be modified in a Server Action or Route Handler. Read more: https://nextjs.org/docs/app/api-reference/functions/cookies#options
    at Proxy.callable (/home/user/studio/node_modules/next/dist/compiled/next-server/app-page-turbo.runtime.dev.js:414:17681)
    at getActiveSessionDetails (/home/user/studio/.next/server/chunks/ssr/[root-of-the-server]__6fc67b0b._.js:989:21)
    at process.processTicksAndRejections (node:internal/process/task_queues:95:5)
    at async validateCurrentSession (/home/user/studio/.next/server/chunks/ssr/[root-of-the-server]__6fc67b0b._.js:1003:21)
    at async DashboardLayout (/home/user/studio/.next/server/chunks/ssr/[root-of-the-server]__6fc67b0b._.js:1064:5)

[2025-07-19T05:01:39.879Z] [getActiveSessionDetails]
Error: Cookies can only be modified in a Server Action or Route Handler. Read more: https://nextjs.org/docs/app/api-reference/functions/cookies#options
    at Proxy.callable (/home/user/studio/node_modules/next/dist/compiled/next-server/app-page-turbo.runtime.dev.js:414:17681)
    at getActiveSessionDetails (/home/user/studio/.next/server/chunks/ssr/[root-of-the-server]__6fc67b0b._.js:989:21)
    at process.processTicksAndRejections (node:internal/process/task_queues:95:5)
    at async validateCurrentSession (/home/user/studio/.next/server/chunks/ssr/[root-of-the-server]__6fc67b0b._.js:1003:21)
    at async DashboardLayout (/home/user/studio/.next/server/chunks/ssr/[root-of-the-server]__6fc67b0b._.js:1064:5)

[2025-07-19T05:02:50.714Z] [getActiveSessionDetails]
Error: Cookies can only be modified in a Server Action or Route Handler. Read more: https://nextjs.org/docs/app/api-reference/functions/cookies#options
    at Proxy.callable (/home/user/studio/node_modules/next/dist/compiled/next-server/app-page-turbo.runtime.dev.js:414:17681)
    at getActiveSessionDetails (/home/user/studio/.next/server/chunks/ssr/[root-of-the-server]__6fc67b0b._.js:990:21)
    at process.processTicksAndRejections (node:internal/process/task_queues:95:5)
    at async validateCurrentSession (/home/user/studio/.next/server/chunks/ssr/[root-of-the-server]__6fc67b0b._.js:1004:21)
    at async DashboardLayout (/home/user/studio/.next/server/chunks/ssr/[root-of-the-server]__6fc67b0b._.js:1065:5)

[2025-07-19T05:02:51.500Z] [getActiveSessionDetails]
Error: Cookies can only be modified in a Server Action or Route Handler. Read more: https://nextjs.org/docs/app/api-reference/functions/cookies#options
    at Proxy.callable (/home/user/studio/node_modules/next/dist/compiled/next-server/app-page-turbo.runtime.dev.js:414:17681)
    at getActiveSessionDetails (/home/user/studio/.next/server/chunks/ssr/[root-of-the-server]__6fc67b0b._.js:990:21)
    at process.processTicksAndRejections (node:internal/process/task_queues:95:5)
    at async validateCurrentSession (/home/user/studio/.next/server/chunks/ssr/[root-of-the-server]__6fc67b0b._.js:1004:21)
    at async DashboardLayout (/home/user/studio/.next/server/chunks/ssr/[root-of-the-server]__6fc67b0b._.js:1065:5)

[2025-07-19T05:03:55.169Z] [getActiveSessionDetails]
Error: Cookies can only be modified in a Server Action or Route Handler. Read more: https://nextjs.org/docs/app/api-reference/functions/cookies#options
    at Proxy.callable (/home/user/studio/node_modules/next/dist/compiled/next-server/app-page-turbo.runtime.dev.js:414:17681)
    at getActiveSessionDetails (/home/user/studio/.next/server/chunks/ssr/[root-of-the-server]__6fc67b0b._.js:989:21)
    at process.processTicksAndRejections (node:internal/process/task_queues:95:5)
    at async validateCurrentSession (/home/user/studio/.next/server/chunks/ssr/[root-of-the-server]__6fc67b0b._.js:1004:21)
    at async DashboardLayout (/home/user/studio/.next/server/chunks/ssr/[root-of-the-server]__6fc67b0b._.js:1065:5)

[2025-07-19T05:03:55.893Z] [getActiveSessionDetails]
Error: Cookies can only be modified in a Server Action or Route Handler. Read more: https://nextjs.org/docs/app/api-reference/functions/cookies#options
    at Proxy.callable (/home/user/studio/node_modules/next/dist/compiled/next-server/app-page-turbo.runtime.dev.js:414:17681)
    at getActiveSessionDetails (/home/user/studio/.next/server/chunks/ssr/[root-of-the-server]__6fc67b0b._.js:989:21)
    at process.processTicksAndRejections (node:internal/process/task_queues:95:5)
    at async validateCurrentSession (/home/user/studio/.next/server/chunks/ssr/[root-of-the-server]__6fc67b0b._.js:1004:21)
    at async DashboardLayout (/home/user/studio/.next/server/chunks/ssr/[root-of-the-server]__6fc67b0b._.js:1065:5)

[2025-07-19T05:04:58.409Z] [getActiveSessionDetails]
Error: Cookies can only be modified in a Server Action or Route Handler. Read more: https://nextjs.org/docs/app/api-reference/functions/cookies#options
    at Proxy.callable (/home/user/studio/node_modules/next/dist/compiled/next-server/app-page-turbo.runtime.dev.js:414:17681)
    at getActiveSessionDetails (/home/user/studio/.next/server/chunks/ssr/[root-of-the-server]__6fc67b0b._.js:989:21)
    at process.processTicksAndRejections (node:internal/process/task_queues:95:5)
    at async validateCurrentSession (/home/user/studio/.next/server/chunks/ssr/[root-of-the-server]__6fc67b0b._.js:1003:21)
    at async DashboardLayout (/home/user/studio/.next/server/chunks/ssr/[root-of-the-server]__6fc67b0b._.js:1065:5)

[2025-07-19T05:04:59.165Z] [getActiveSessionDetails]
Error: Cookies can only be modified in a Server Action or Route Handler. Read more: https://nextjs.org/docs/app/api-reference/functions/cookies#options
    at Proxy.callable (/home/user/studio/node_modules/next/dist/compiled/next-server/app-page-turbo.runtime.dev.js:414:17681)
    at getActiveSessionDetails (/home/user/studio/.next/server/chunks/ssr/[root-of-the-server]__6fc67b0b._.js:989:21)
    at process.processTicksAndRejections (node:internal/process/task_queues:95:5)
    at async validateCurrentSession (/home/user/studio/.next/server/chunks/ssr/[root-of-the-server]__6fc67b0b._.js:1003:21)
    at async DashboardLayout (/home/user/studio/.next/server/chunks/ssr/[root-of-the-server]__6fc67b0b._.js:1065:5)

[2025-07-19T05:05:25.067Z] [getActiveSessionDetails]
Error: Cookies can only be modified in a Server Action or Route Handler. Read more: https://nextjs.org/docs/app/api-reference/functions/cookies#options
    at Proxy.callable (/home/user/studio/node_modules/next/dist/compiled/next-server/app-page-turbo.runtime.dev.js:414:17681)
    at getActiveSessionDetails (/home/user/studio/.next/server/chunks/ssr/[root-of-the-server]__6fc67b0b._.js:989:21)
    at process.processTicksAndRejections (node:internal/process/task_queues:95:5)
    at async validateCurrentSession (/home/user/studio/.next/server/chunks/ssr/[root-of-the-server]__6fc67b0b._.js:1003:21)
    at async DashboardLayout (/home/user/studio/.next/server/chunks/ssr/[root-of-the-server]__6fc67b0b._.js:1065:5)

[2025-07-19T05:05:25.802Z] [getActiveSessionDetails]
Error: Cookies can only be modified in a Server Action or Route Handler. Read more: https://nextjs.org/docs/app/api-reference/functions/cookies#options
    at Proxy.callable (/home/user/studio/node_modules/next/dist/compiled/next-server/app-page-turbo.runtime.dev.js:414:17681)
    at getActiveSessionDetails (/home/user/studio/.next/server/chunks/ssr/[root-of-the-server]__6fc67b0b._.js:989:21)
    at process.processTicksAndRejections (node:internal/process/task_queues:95:5)
    at async validateCurrentSession (/home/user/studio/.next/server/chunks/ssr/[root-of-the-server]__6fc67b0b._.js:1003:21)
    at async DashboardLayout (/home/user/studio/.next/server/chunks/ssr/[root-of-the-server]__6fc67b0b._.js:1065:5)

[2025-07-19T05:05:41.381Z] [getActiveSessionDetails]
Error: Cookies can only be modified in a Server Action or Route Handler. Read more: https://nextjs.org/docs/app/api-reference/functions/cookies#options
    at Proxy.callable (/home/user/studio/node_modules/next/dist/compiled/next-server/app-page-turbo.runtime.dev.js:414:17681)
    at getActiveSessionDetails (/home/user/studio/.next/server/chunks/ssr/[root-of-the-server]__6fc67b0b._.js:989:21)
    at process.processTicksAndRejections (node:internal/process/task_queues:95:5)
    at async validateCurrentSession (/home/user/studio/.next/server/chunks/ssr/[root-of-the-server]__6fc67b0b._.js:1003:21)
    at async DashboardLayout (/home/user/studio/.next/server/chunks/ssr/[root-of-the-server]__6fc67b0b._.js:1065:5)

[2025-07-19T05:05:42.122Z] [getActiveSessionDetails]
Error: Cookies can only be modified in a Server Action or Route Handler. Read more: https://nextjs.org/docs/app/api-reference/functions/cookies#options
    at Proxy.callable (/home/user/studio/node_modules/next/dist/compiled/next-server/app-page-turbo.runtime.dev.js:414:17681)
    at getActiveSessionDetails (/home/user/studio/.next/server/chunks/ssr/[root-of-the-server]__6fc67b0b._.js:989:21)
    at process.processTicksAndRejections (node:internal/process/task_queues:95:5)
    at async validateCurrentSession (/home/user/studio/.next/server/chunks/ssr/[root-of-the-server]__6fc67b0b._.js:1003:21)
    at async DashboardLayout (/home/user/studio/.next/server/chunks/ssr/[root-of-the-server]__6fc67b0b._.js:1065:5)

[2025-07-19T13:29:06.234Z] [getActivities]
FirebaseError: The query requires an index. You can create it here: https://console.firebase.google.com/v1/r/project/neupid-account/firestore/indexes?create_composite=Cldwcm9qZWN0cy9uZXVwaWQtYWNjb3VudC9kYXRhYmFzZXMvKGRlZmF1bHQpL2NvbGxlY3Rpb25Hcm91cHMvYWNjb3VudF9hY3Rpdml0eS9pbmRleGVzL18QARoKCgZzdGF0dXMQARoNCgl0aW1lc3RhbXAQAhoMCghfX25hbWVfXxAC

[2025-07-19T13:29:26.746Z] [getActivities]
FirebaseError: The query requires an index. You can create it here: https://console.firebase.google.com/v1/r/project/neupid-account/firestore/indexes?create_composite=Cldwcm9qZWN0cy9uZXVwaWQtYWNjb3VudC9kYXRhYmFzZXMvKGRlZmF1bHQpL2NvbGxlY3Rpb25Hcm91cHMvYWNjb3VudF9hY3Rpdml0eS9pbmRleGVzL18QARoKCgZzdGF0dXMQARoNCgl0aW1lc3RhbXAQAhoMCghfX25hbWVfXxAC

[2025-07-19T13:31:16.394Z] [getActivities]
FirebaseError: The query requires an index. You can create it here: https://console.firebase.google.com/v1/r/project/neupid-account/firestore/indexes?create_composite=Cldwcm9qZWN0cy9uZXVwaWQtYWNjb3VudC9kYXRhYmFzZXMvKGRlZmF1bHQpL2NvbGxlY3Rpb25Hcm91cHMvYWNjb3VudF9hY3Rpdml0eS9pbmRleGVzL18QARoKCgZzdGF0dXMQARoNCgl0aW1lc3RhbXAQAhoMCghfX25hbWVfXxAC

[2025-07-19T13:31:29.513Z] [getActivities]
FirebaseError: The query requires an index. You can create it here: https://console.firebase.google.com/v1/r/project/neupid-account/firestore/indexes?create_composite=Cldwcm9qZWN0cy9uZXVwaWQtYWNjb3VudC9kYXRhYmFzZXMvKGRlZmF1bHQpL2NvbGxlY3Rpb25Hcm91cHMvYWNjb3VudF9hY3Rpdml0eS9pbmRleGVzL18QARoKCgZzdGF0dXMQARoNCgl0aW1lc3RhbXAQAhoMCghfX25hbWVfXxAC

[2025-07-19T13:31:40.832Z] [getActivities]
FirebaseError: The query requires an index. You can create it here: https://console.firebase.google.com/v1/r/project/neupid-account/firestore/indexes?create_composite=Cldwcm9qZWN0cy9uZXVwaWQtYWNjb3VudC9kYXRhYmFzZXMvKGRlZmF1bHQpL2NvbGxlY3Rpb25Hcm91cHMvYWNjb3VudF9hY3Rpdml0eS9pbmRleGVzL18QARoKCgZzdGF0dXMQARoNCgl0aW1lc3RhbXAQAhoMCghfX25hbWVfXxAC

[2025-07-19T13:31:49.084Z] [getActivities]
FirebaseError: The query requires an index. You can create it here: https://console.firebase.google.com/v1/r/project/neupid-account/firestore/indexes?create_composite=Cldwcm9qZWN0cy9uZXVwaWQtYWNjb3VudC9kYXRhYmFzZXMvKGRlZmF1bHQpL2NvbGxlY3Rpb25Hcm91cHMvYWNjb3VudF9hY3Rpdml0eS9pbmRleGVzL18QARoKCgZzdGF0dXMQARoNCgl0aW1lc3RhbXAQAhoMCghfX25hbWVfXxAC

[2025-07-19T13:53:14.603Z] [getActivities]
FirebaseError: The query requires an index. You can create it here: https://console.firebase.google.com/v1/r/project/neupid-account/firestore/indexes?create_composite=Cldwcm9qZWN0cy9uZXVwaWQtYWNjb3VudC9kYXRhYmFzZXMvKGRlZmF1bHQpL2NvbGxlY3Rpb25Hcm91cHMvYWNjb3VudF9hY3Rpdml0eS9pbmRleGVzL18QARoKCgZzdGF0dXMQARoNCgl0aW1lc3RhbXAQAhoMCghfX25hbWVfXxAC

[2025-07-19T13:53:21.951Z] [getActivities]
FirebaseError: The query requires an index. You can create it here: https://console.firebase.google.com/v1/r/project/neupid-account/firestore/indexes?create_composite=Cldwcm9qZWN0cy9uZXVwaWQtYWNjb3VudC9kYXRhYmFzZXMvKGRlZmF1bHQpL2NvbGxlY3Rpb25Hcm91cHMvYWNjb3VudF9hY3Rpdml0eS9pbmRleGVzL18QARoKCgZzdGF0dXMQARoNCgl0aW1lc3RhbXAQAhoMCghfX25hbWVfXxAC

[2025-07-19T13:53:25.941Z] [getActivities]
FirebaseError: The query requires an index. You can create it here: https://console.firebase.google.com/v1/r/project/neupid-account/firestore/indexes?create_composite=Cldwcm9qZWN0cy9uZXVwaWQtYWNjb3VudC9kYXRhYmFzZXMvKGRlZmF1bHQpL2NvbGxlY3Rpb25Hcm91cHMvYWNjb3VudF9hY3Rpdml0eS9pbmRleGVzL18QARoKCgZzdGF0dXMQARoNCgl0aW1lc3RhbXAQAhoMCghfX25hbWVfXxAC

[2025-07-19T13:54:08.397Z] [getActivities]
FirebaseError: The query requires an index. You can create it here: https://console.firebase.google.com/v1/r/project/neupid-account/firestore/indexes?create_composite=Cldwcm9qZWN0cy9uZXVwaWQtYWNjb3VudC9kYXRhYmFzZXMvKGRlZmF1bHQpL2NvbGxlY3Rpb25Hcm91cHMvYWNjb3VudF9hY3Rpdml0eS9pbmRleGVzL18QARoKCgZzdGF0dXMQARoNCgl0aW1lc3RhbXAQAhoMCghfX25hbWVfXxAC

[2025-07-19T13:54:27.477Z] [getActivities]
FirebaseError: The query requires an index. You can create it here: https://console.firebase.google.com/v1/r/project/neupid-account/firestore/indexes?create_composite=Cldwcm9qZWN0cy9uZXVwaWQtYWNjb3VudC9kYXRhYmFzZXMvKGRlZmF1bHQpL2NvbGxlY3Rpb25Hcm91cHMvYWNjb3VudF9hY3Rpdml0eS9pbmRleGVzL18QARoKCgZzdGF0dXMQARoNCgl0aW1lc3RhbXAQAhoMCghfX25hbWVfXxAC

[2025-07-19T13:54:50.486Z] [getActivities]
FirebaseError: The query requires an index. You can create it here: https://console.firebase.google.com/v1/r/project/neupid-account/firestore/indexes?create_composite=Cldwcm9qZWN0cy9uZXVwaWQtYWNjb3VudC9kYXRhYmFzZXMvKGRlZmF1bHQpL2NvbGxlY3Rpb25Hcm91cHMvYWNjb3VudF9hY3Rpdml0eS9pbmRleGVzL18QARoKCgZzdGF0dXMQARoNCgl0aW1lc3RhbXAQAhoMCghfX25hbWVfXxAC

[2025-07-19T13:55:42.688Z] [getActivities]
FirebaseError: The query requires an index. You can create it here: https://console.firebase.google.com/v1/r/project/neupid-account/firestore/indexes?create_composite=Cldwcm9qZWN0cy9uZXVwaWQtYWNjb3VudC9kYXRhYmFzZXMvKGRlZmF1bHQpL2NvbGxlY3Rpb25Hcm91cHMvYWNjb3VudF9hY3Rpdml0eS9pbmRleGVzL18QARoKCgZzdGF0dXMQARoNCgl0aW1lc3RhbXAQAhoMCghfX25hbWVfXxAC

[2025-07-19T13:55:56.161Z] [getActivities]
FirebaseError: The query requires an index. You can create it here: https://console.firebase.google.com/v1/r/project/neupid-account/firestore/indexes?create_composite=Cldwcm9qZWN0cy9uZXVwaWQtYWNjb3VudC9kYXRhYmFzZXMvKGRlZmF1bHQpL2NvbGxlY3Rpb25Hcm91cHMvYWNjb3VudF9hY3Rpdml0eS9pbmRleGVzL18QARoKCgZzdGF0dXMQARoNCgl0aW1lc3RhbXAQAhoMCghfX25hbWVfXxAC

[2025-07-19T14:01:29.562Z] [getActivities]
FirebaseError: The query requires an index. You can create it here: https://console.firebase.google.com/v1/r/project/neupid-account/firestore/indexes?create_composite=Cldwcm9qZWN0cy9uZXVwaWQtYWNjb3VudC9kYXRhYmFzZXMvKGRlZmF1bHQpL2NvbGxlY3Rpb25Hcm91cHMvYWNjb3VudF9hY3Rpdml0eS9pbmRleGVzL18QARoKCgZzdGF0dXMQARoNCgl0aW1lc3RhbXAQAhoMCghfX25hbWVfXxAC

[2025-07-19T14:12:49.986Z] [getActivities]
FirebaseError: The query requires an index. You can create it here: https://console.firebase.google.com/v1/r/project/neupid-account/firestore/indexes?create_composite=Cldwcm9qZWN0cy9uZXVwaWQtYWNjb3VudC9kYXRhYmFzZXMvKGRlZmF1bHQpL2NvbGxlY3Rpb25Hcm91cHMvYWNjb3VudF9hY3Rpdml0eS9pbmRleGVzL18QARoKCgZzdGF0dXMQARoNCgl0aW1lc3RhbXAQAhoMCghfX25hbWVfXxAC

[2025-07-19T14:13:10.097Z] [getActivities]
FirebaseError: The query requires an index. You can create it here: https://console.firebase.google.com/v1/r/project/neupid-account/firestore/indexes?create_composite=Cldwcm9qZWN0cy9uZXVwaWQtYWNjb3VudC9kYXRhYmFzZXMvKGRlZmF1bHQpL2NvbGxlY3Rpb25Hcm91cHMvYWNjb3VudF9hY3Rpdml0eS9pbmRleGVzL18QARoKCgZzdGF0dXMQARoNCgl0aW1lc3RhbXAQAhoMCghfX25hbWVfXxAC

[2025-07-19T14:13:11.779Z] [getActivities]
FirebaseError: The query requires an index. You can create it here: https://console.firebase.google.com/v1/r/project/neupid-account/firestore/indexes?create_composite=Cldwcm9qZWN0cy9uZXVwaWQtYWNjb3VudC9kYXRhYmFzZXMvKGRlZmF1bHQpL2NvbGxlY3Rpb25Hcm91cHMvYWNjb3VudF9hY3Rpdml0eS9pbmRleGVzL18QARoKCgZzdGF0dXMQARoNCgl0aW1lc3RhbXAQAhoMCghfX25hbWVfXxAC

[2025-07-19T14:22:41.261Z] [getActivities]
FirebaseError: The query requires an index. You can create it here: https://console.firebase.google.com/v1/r/project/neupid-account/firestore/indexes?create_composite=Cldwcm9qZWN0cy9uZXVwaWQtYWNjb3VudC9kYXRhYmFzZXMvKGRlZmF1bHQpL2NvbGxlY3Rpb25Hcm91cHMvYWNjb3VudF9hY3Rpdml0eS9pbmRleGVzL18QARoKCgZzdGF0dXMQARoNCgl0aW1lc3RhbXAQAhoMCghfX25hbWVfXxAC

